1648440599513	geckodriver	INFO	Listening on 127.0.0.1:50256
1648440602561	mozrunner::runner	INFO	Running command: "C:\\Program Files\\Mozilla Firefox\\firefox.exe" "--marionette" "--remote-debugging-port" "50257" "-no-remote" "-profile" "C:\\Users\\Evgeniy\\AppData\\Local\\Temp\\rust_mozprofileM8MLUH"
1648440602888	Marionette	INFO	Marionette enabled
console.warn: SearchSettings: "get: No settings file exists, new profile?" (new NotFoundError("Could not open the file at C:\\Users\\Evgeniy\\AppData\\Local\\Temp\\rust_mozprofileM8MLUH\\search.json.mozlz4", (void 0)))
DevTools listening on ws://localhost:50257/devtools/browser/3570256c-797e-48de-b547-091ba558b09f
1648440604975	Marionette	INFO	Listening on port 50263
1648440605224	RemoteAgent	WARN	TLS certificate errors will be ignored for this session
JavaScript warning: https://stepik.azureedge.net/static/frontend-build/vendor.js?v=1647624111, line 6285: unreachable code after return statement
JavaScript warning: https://mc.yandex.ru/metrika/tag.js, line 13: WEBGL_debug_renderer_info is deprecated in Firefox and will be removed. Please use RENDERER.
JavaScript error: https://stepik.azureedge.net/static/frontend-build/vendor.js?v=1647624111, line 6102: Error: Expected: '<assignment:568645>' to be present in the adapter provided payload, but it was not found.
1648440637124	Marionette	INFO	Stopped listening on port 50263
console.warn: TopSitesFeed: Failed to fetch data from Contile server: NetworkError when attempting to fetch resource.
JavaScript error: chrome://remote/content/marionette/cert.js, line 55: NS_ERROR_NOT_AVAILABLE: Component returned failure code: 0x80040111 (NS_ERROR_NOT_AVAILABLE) [nsICertOverrideService.setDisableAllSecurityChecksAndLetAttackersInterceptMyData]

###!!! [Parent][PGPUParent] Error: RunMessage(msgname=PGPU::Msg_ShutdownVR) Channel closing: too late to send/recv, messages will be lost

1648446061969	geckodriver	INFO	Listening on 127.0.0.1:57338
1648446065009	mozrunner::runner	INFO	Running command: "C:\\Program Files\\Mozilla Firefox\\firefox.exe" "--marionette" "--remote-debugging-port" "57339" "-no-remote" "-profile" "C:\\Users\\Evgeniy\\AppData\\Local\\Temp\\rust_mozprofile66ZGsw"
1648446065389	Marionette	INFO	Marionette enabled
console.warn: SearchSettings: "get: No settings file exists, new profile?" (new NotFoundError("Could not open the file at C:\\Users\\Evgeniy\\AppData\\Local\\Temp\\rust_mozprofile66ZGsw\\search.json.mozlz4", (void 0)))
DevTools listening on ws://localhost:57339/devtools/browser/cd495925-5210-40dd-9b0c-7de91fe88c8e
1648446066942	Marionette	INFO	Listening on port 57347
1648446067070	RemoteAgent	WARN	TLS certificate errors will be ignored for this session
JavaScript warning: https://stepik.azureedge.net/static/frontend-build/vendor.js?v=1647624111, line 6285: unreachable code after return statement
JavaScript warning: https://mc.yandex.ru/metrika/tag.js, line 13: WEBGL_debug_renderer_info is deprecated in Firefox and will be removed. Please use RENDERER.
JavaScript error: https://stepik.azureedge.net/static/frontend-build/vendor.js?v=1647624111, line 6102: Error: Expected: '<assignment:568645>' to be present in the adapter provided payload, but it was not found.
1648446076254	Marionette	INFO	Stopped listening on port 57347
console.warn: TopSitesFeed: Failed to fetch data from Contile server: NetworkError when attempting to fetch resource.
JavaScript error: chrome://remote/content/marionette/cert.js, line 55: NS_ERROR_NOT_AVAILABLE: Component returned failure code: 0x80040111 (NS_ERROR_NOT_AVAILABLE) [nsICertOverrideService.setDisableAllSecurityChecksAndLetAttackersInterceptMyData]
1648446175669	geckodriver	INFO	Listening on 127.0.0.1:60973
1648446178716	mozrunner::runner	INFO	Running command: "C:\\Program Files\\Mozilla Firefox\\firefox.exe" "--marionette" "--remote-debugging-port" "60974" "-no-remote" "-profile" "C:\\Users\\Evgeniy\\AppData\\Local\\Temp\\rust_mozprofileSJjIZO"
1648446178915	Marionette	INFO	Marionette enabled
console.warn: SearchSettings: "get: No settings file exists, new profile?" (new NotFoundError("Could not open the file at C:\\Users\\Evgeniy\\AppData\\Local\\Temp\\rust_mozprofileSJjIZO\\search.json.mozlz4", (void 0)))
DevTools listening on ws://localhost:60974/devtools/browser/09dcbef1-30cd-4319-927a-2dabb2666353
1648446180252	Marionette	INFO	Listening on port 60980
1648446180759	RemoteAgent	WARN	TLS certificate errors will be ignored for this session
JavaScript warning: https://stepik.azureedge.net/static/frontend-build/vendor.js?v=1647624111, line 6285: unreachable code after return statement
1648446189882	geckodriver	INFO	Listening on 127.0.0.1:61029
1648446192903	mozrunner::runner	INFO	Running command: "C:\\Program Files\\Mozilla Firefox\\firefox.exe" "--marionette" "--remote-debugging-port" "61030" "-no-remote" "-profile" "C:\\Users\\Evgeniy\\AppData\\Local\\Temp\\rust_mozprofilepTYwev"
1648446193101	Marionette	INFO	Marionette enabled
console.warn: SearchSettings: "get: No settings file exists, new profile?" (new NotFoundError("Could not open the file at C:\\Users\\Evgeniy\\AppData\\Local\\Temp\\rust_mozprofilepTYwev\\search.json.mozlz4", (void 0)))
DevTools listening on ws://localhost:61030/devtools/browser/08b61b81-26c7-4f34-8147-aebfe45bde87
1648446194441	Marionette	INFO	Listening on port 61036
1648446194936	RemoteAgent	WARN	TLS certificate errors will be ignored for this session
JavaScript warning: https://stepik.azureedge.net/static/frontend-build/vendor.js?v=1647624111, line 6285: unreachable code after return statement
JavaScript warning: https://mc.yandex.ru/metrika/tag.js, line 13: WEBGL_debug_renderer_info is deprecated in Firefox and will be removed. Please use RENDERER.
JavaScript error: https://stepik.azureedge.net/static/frontend-build/vendor.js?v=1647624111, line 6102: Error: Expected: '<assignment:568645>' to be present in the adapter provided payload, but it was not found.
1648446208578	Marionette	INFO	Stopped listening on port 61036
console.warn: TopSitesFeed: Failed to fetch data from Contile server: NetworkError when attempting to fetch resource.
JavaScript error: chrome://remote/content/marionette/cert.js, line 55: NS_ERROR_NOT_AVAILABLE: Component returned failure code: 0x80040111 (NS_ERROR_NOT_AVAILABLE) [nsICertOverrideService.setDisableAllSecurityChecksAndLetAttackersInterceptMyData]
